comsec 17 0.00 0.00
grocery 17 0.00 0.00
merckmsd 17 0.00 0.00
mls 17 0.00 0.00
msd 17 0.00 0.00
verisign 17 0.00 0.00
xn--11b4c3d 17 0.00 0.00
xn--3pxu8k 17 0.00 0.00
xn--42c2d9a 17 0.00 0.00
xn--c2br7g 17 0.00 0.00
xn--fhbei 17 0.00 0.00
xn--j1aef 17 0.00 0.00
xn--pssy2u 17 0.00 0.00
bcn 20 0.00 0.00
lacaixa 20 0.00 0.00
xn--9dbq2a 20 0.00 0.00
tui 22 0.00 0.00
xn--vermgensberater-ctb 22 0.00 0.00
xn--vermgensberatung-pwb 22 0.00 0.00
zuerich 22 0.00 0.00
android 23 0.00 0.00
cal 23 0.00 0.00
chrome 23 0.00 0.00
dclk 23 0.00 0.00
drive 23 0.00 0.00
gle 23 0.00 0.00
guge 23 0.00 0.00
hangout 23 0.00 0.00
map 23 0.00 0.00
nexus 23 0.00 0.00
phd 23 0.00 0.00
play 23 0.00 0.00
search 23 0.00 0.00
xn--flw351e 23 0.00 0.00
xn--qcka1pmc 23 0.00 0.00
bauhaus 25 0.00 0.00
bom 26 0.00 0.00
final 26 0.00 0.00
contact 27 0.00 0.00
epson 27 0.00 0.00
firestone 27 0.00 0.00
hyundai 27 0.00 0.00
mitsubishi 27 0.00 0.00
panasonic 27 0.00 0.00
pid 27 0.00 0.00
playstation 27 0.00 0.00
stcgroup 27 0.00 0.00
viva 27 0.00 0.00
madrid 28 0.00 0.00
softbank 28 0.00 0.00
ads 29 0.00 0.00
boo 29 0.00 0.00
channel 29 0.00 0.00
dad 29 0.00 0.00
day 29 0.00 0.00
docs 29 0.00 0.00
eat 29 0.00 0.00
esq 29 0.00 0.00
fedex 29 0.00 0.00
ferrari 29 0.00 0.00
fly 29 0.00 0.00
gbiz 29 0.00 0.00
ing 29 0.00 0.00
jio 29 0.00 0.00
maserati 29 0.00 0.00
mckinsey 29 0.00 0.00
meme 29 0.00 0.00
monster 29 0.00 0.00
mov 29 0.00 0.00
pnc 29 0.00 0.00
prod 29 0.00 0.00
prof 29 0.00 0.00
reliance 29 0.00 0.00
ril 29 0.00 0.00
rsvp 29 0.00 0.00
youtube 29 0.00 0.00
zip 29 0.00 0.00
ally 30 0.00 0.00
bcg 30 0.00 0.00
clinique 30 0.00 0.00
dunlop 30 0.00 0.00
gallup 30 0.00 0.00
goodyear 30 0.00 0.00
homedepot 30 0.00 0.00
lamer 30 0.00 0.00
metlife 30 0.00 0.00
origins 30 0.00 0.00
thd 30 0.00 0.00
xn--mgbca7dzdo 30 0.00 0.00
adac 31 0.00 0.00
lixil 31 0.00 0.00
lpl 31 0.00 0.00
lplfinancial 31 0.00 0.00
xn--ngbe9e0a 31 0.00 0.00
bond 32 0.00 0.00
boots 32 0.00 0.00
lexus 32 0.00 0.00
page 32 0.00 0.00
sakura 32 0.00 0.00
seek 32 0.00 0.00
starhub 32 0.00 0.00
tab 32 0.00 0.00
kia 33 0.00 0.00
meo 33 0.00 0.00
realestate 33 0.00 0.00
sapo 33 0.00 0.00
abarth 34 0.00 0.00
alfaromeo 34 0.00 0.00
blockbuster 34 0.00 0.00
case 34 0.00 0.00
caseih 34 0.00 0.00
chrysler 34 0.00 0.00
cruise 34 0.00 0.00
data 34 0.00 0.00
dish 34 0.00 0.00
dodge 34 0.00 0.00
dvr 34 0.00 0.00
fiat 34 0.00 0.00
fido 34 0.00 0.00
goodhands 34 0.00 0.00
hdfc 34 0.00 0.00
hughes 34 0.00 0.00
ibm 34 0.00 0.00
iveco 34 0.00 0.00
jeep 34 0.00 0.00
lancia 34 0.00 0.00
latino 34 0.00 0.00
mobile 34 0.00 0.00
mopar 34 0.00 0.00
newholland 34 0.00 0.00
phone 34 0.00 0.00
quest 34 0.00 0.00
rmit 34 0.00 0.00
rogers 34 0.00 0.00
sling 34 0.00 0.00
srt 34 0.00 0.00
uconnect 34 0.00 0.00
agakhan 35 0.00 0.00
akdn 35 0.00 0.00
avianca 35 0.00 0.00
beats 35 0.00 0.00
boehringer 35 0.00 0.00
cipriani 35 0.00 0.00
cyou 35 0.00 0.00
delta 35 0.00 0.00
dot 35 0.00 0.00
dtv 35 0.00 0.00
here 35 0.00 0.00
hkt 35 0.00 0.00
icbc 35 0.00 0.00
imamat 35 0.00 0.00
itau 35 0.00 0.00
kosher 35 0.00 0.00
lasalle 35 0.00 0.00
lds 35 0.00 0.00
locker 35 0.00 0.00
mormon 35 0.00 0.00
moto 35 0.00 0.00
nowtv 35 0.00 0.00
ollo 35 0.00 0.00
ott 35 0.00 0.00
pccw 35 0.00 0.00
progressive 35 0.00 0.00
richardli 35 0.00 0.00
scholarships 35 0.00 0.00
tvs 35 0.00 0.00
viking 35 0.00 0.00
wolterskluwer 35 0.00 0.00
xn--b4w605ferd 35 0.00 0.00
xn--estv75g 35 0.00 0.00
xn--fzys8d69uvgm 35 0.00 0.00
bostik 36 0.00 0.00
bridgestone 37 0.00 0.00
ceb 37 0.00 0.00
cfd 37 0.00 0.00
pwc 37 0.00 0.00
redumbrella 37 0.00 0.00
samsung 37 0.00 0.00
travelersinsurance 37 0.00 0.00
trv 37 0.00 0.00
box 38 0.00 0.00
forum 38 0.00 0.00
politie 38 0.00 0.00
travelers 39 0.00 0.00
caravan 40 0.00 0.00
cbre 40 0.00 0.00
citadel 40 0.00 0.00
frontier 40 0.00 0.00
hbo 40 0.00 0.00
mobily 40 0.00 0.00
nba 40 0.00 0.00
nike 40 0.00 0.00
staples 40 0.00 0.00
weather 40 0.00 0.00
weatherchannel 40 0.00 0.00
xn--mgbb9fbpob 40 0.00 0.00
dubai 41 0.00 0.00
fan 41 0.00 0.00
fujitsu 41 0.00 0.00
gmail 41 0.00 0.00
jcp 41 0.00 0.00
abudhabi 43 0.00 0.00
apple 43 0.00 0.00
arab 43 0.00 0.00
natura 43 0.00 0.00
pamperedchef 43 0.00 0.00
spreadbetting 43 0.00 0.00
xn--ngbrx 43 0.00 0.00
brother 44 0.00 0.00
commbank 44 0.00 0.00
nec 44 0.00 0.00
safety 44 0.00 0.00
sharp 44 0.00 0.00
temasek 44 0.00 0.00
toyota 44 0.00 0.00
banamex 45 0.00 0.00
cartier 45 0.00 0.00
chloe 45 0.00 0.00
duns 45 0.00 0.00
etisalat 45 0.00 0.00
flickr 45 0.00 0.00
ftr 45 0.00 0.00
hisamitsu 45 0.00 0.00
jlc 45 0.00 0.00
montblanc 45 0.00 0.00
open 45 0.00 0.00
panerai 45 0.00 0.00
piaget 45 0.00 0.00
sfr 45 0.00 0.00
tdk 45 0.00 0.00
watches 45 0.00 0.00
xn--kpu716f 45 0.00 0.00
xn--mgbaakc7dvf 45 0.00 0.00
xn--pbt977c 45 0.00 0.00
yahoo 45 0.00 0.00
zippo 45 0.00 0.00
netbank 46 0.00 0.00
passagens 46 0.00 0.00
seven 46 0.00 0.00
target 46 0.00 0.00
baidu 47 0.00 0.00
pioneer 47 0.00 0.00
wme 47 0.00 0.00
zara 47 0.00 0.00
anz 48 0.00 0.00
dupont 48 0.00 0.00
honda 48 0.00 0.00
sncf 48 0.00 0.00
sony 48 0.00 0.00
office 49 0.00 0.00
redstone 49 0.00 0.00
comcast 50 0.00 0.00
itv 50 0.00 0.00
rocher 50 0.00 0.00
telecity 50 0.00 0.00
vuelos 50 0.00 0.00
xfinity 50 0.00 0.00
cbn 51 0.00 0.00
ieee 51 0.00 0.00
iwc 51 0.00 0.00
ping 51 0.00 0.00
able 52 0.00 0.00
kinder 52 0.00 0.00
jll 53 0.00 0.00
meet 53 0.00 0.00
amica 54 0.00 0.00
kpmg 54 0.00 0.00
chintai 55 0.00 0.00
kfh 55 0.00 0.00
stc 55 0.00 0.00
ricoh 58 0.00 0.00
dabur 59 0.00 0.00
xn--kcrx77d1x4a 59 0.00 0.00
ferrero 60 0.00 0.00
grainger 62 0.00 0.00
ntt 62 0.00 0.00
citi 63 0.00 0.00
latrobe 64 0.00 0.00
woodside 64 0.00 0.00
gucci 65 0.00 0.00
skype 65 0.00 0.00
komatsu 67 0.00 0.00
sew 67 0.00 0.00
stockholm 68 0.00 0.00
teva 69 0.00 0.00
ismaili 70 0.00 0.00
allstate 72 0.00 0.00
intel 72 0.00 0.00
onyourside 76 0.00 0.00
tiaa 76 0.00 0.00
visa 76 0.00 0.00
xperia 76 0.00 0.00
airbus 79 0.00 0.00
philips 79 0.00 0.00
americanexpress 80 0.00 0.00
aeg 83 0.00 0.00
aol 83 0.00 0.00
barefoot 83 0.00 0.00
bbt 83 0.00 0.00
bosch 83 0.00 0.00
juniper 83 0.00 0.00
lego 83 0.00 0.00
lupin 83 0.00 0.00
nextdirect 83 0.00 0.00
nikon 83 0.00 0.00
nissay 83 0.00 0.00
rwe 83 0.00 0.00
shangrila 83 0.00 0.00
statoil 83 0.00 0.00
xn--5su34j936bgsg 83 0.00 0.00
omega 84 0.00 0.00
accenture 85 0.00 0.00
nadex 85 0.00 0.00
sbs 85 0.00 0.00
blanco 86 0.00 0.00
clubmed 86 0.00 0.00
lipsy 86 0.00 0.00
bms 87 0.00 0.00
bofa 87 0.00 0.00
ericsson 87 0.00 0.00
fidelity 87 0.00 0.00
gallo 87 0.00 0.00
nationwide 87 0.00 0.00
volvo 87 0.00 0.00
warman 87 0.00 0.00
chanel 89 0.00 0.00
crown 90 0.00 0.00
genting 90 0.00 0.00
ses 90 0.00 0.00
cern 91 0.00 0.00
sca 91 0.00 0.00
tatamotors 92 0.00 0.00
cfa 93 0.00 0.00
med 93 0.00 0.00
next 95 0.00 0.00
lundbeck 97 0.00 0.00
maif 97 0.00 0.00
rexroth 97 0.00 0.00
sbi 98 0.00 0.00
arte 99 0.00 0.00
azure 99 0.00 0.00
jaguar 99 0.00 0.00
java 99 0.00 0.00
landrover 99 0.00 0.00
liaison 99 0.00 0.00
nab 99 0.00 0.00
oracle 99 0.00 0.00
sanofi 99 0.00 0.00
swatch 101 0.00 0.00
hotmail 107 0.00 0.00
williamhill 107 0.00 0.00
abc 109 0.00 0.00
bbva 109 0.00 0.00
sap 115 0.00 0.00
lidl 117 0.00 0.00
amex 120 0.00 0.00
aquarelle 120 0.00 0.00
rugby 122 0.00 0.00
xn--nyqy26a 124 0.00 0.00
bing 127 0.00 0.00
jprs 130 0.00 0.00
abb 131 0.00 0.00
shell 131 0.00 0.00
ice 136 0.00 0.00
shriram 139 0.00 0.00
windows 139 0.00 0.00
xbox 139 0.00 0.00
auspost 149 0.00 0.00
fage 149 0.00 0.00
sener 153 0.00 0.00
xn--imr513n 161 0.00 0.00
toray 165 0.00 0.00
statebank 168 0.00 0.00
kpn 189 0.00 0.00
total 189 0.00 0.00
cba 193 0.00 0.00
foo 201 0.00 0.00
dev 203 0.00 0.00
fox 204 0.00 0.00
microsoft 207 0.00 0.00
autos 215 0.00 0.00
sky 220 0.00 0.00
afl 226 0.00 0.00
mango 226 0.00 0.00
pictet 234 0.00 0.00
linde 235 0.00 0.00
new 239 0.00 0.00
motorcycles 241 0.00 0.00
uol 241 0.00 0.00
erni 252 0.00 0.00
stada 254 0.00 0.00
google 264 0.00 0.00
schwarz 265 0.00 0.00
trust 279 0.00 0.00
leclerc 293 0.00 0.00
weir 293 0.00 0.00
fresenius 295 0.00 0.00
esurance 326 0.00 0.00
protection 340 0.00 0.00
theatre 344 0.00 0.00
globo 360 0.00 0.00
xn--fjq720a 363 0.00 0.00
weber 371 0.00 0.00
goog 393 0.01 0.00
whoswho 439 0.01 0.00
nra 461 0.00 0.00
basketball 515 0.00 0.00
bloomberg 525 0.00 0.00
xn--unup4y 585 0.01 0.00
reit 613 0.01 0.00
yachts 617 0.00 0.00
forex 659 0.01 0.00
man 717 0.01 0.00
broadway 825 0.01 0.00
voto 830 0.01 0.00
security 886 0.01 0.00
hiv 1058 0.01 0.00
homes 1213 0.02 0.00
xn--czrs0t 1239 0.03 0.00
boats 1286 0.01 0.00
cars 1558 0.03 0.00
xn--5tzm5g 1671 0.02 0.00
storage 1684 0.02 0.00
airforce 1689 0.02 0.00
broker 1711 0.02 0.00
creditunion 1765 0.02 0.00
car 1770 0.06 0.00
osaka 1776 0.03 0.00
auto 2014 0.03 0.00
navy 2393 0.02 0.00
xn--vhquv 2398 0.05 0.00
creditcard 2425 0.02 0.00
memorial 2467 0.03 0.00
seat 2492 0.05 0.00
observer 2497 0.03 0.00
insurance 2646 0.08 0.00
sarl 2658 0.03 0.00
markets 2769 0.03 0.00
xn--mgbab2bd 2858 0.11 0.00
tires 2920 0.03 0.00
republican 2949 0.06 0.00
trading 2990 0.04 0.00
maison 3253 0.03 0.00
bible 3257 0.04 0.00
democrat 3329 0.07 0.00
hospital 3421 0.07 0.00
corsica 3464 0.05 0.00
juegos 3904 0.08 0.00
theater 3970 0.04 0.00
bingo 4059 0.04 0.00
tickets 4122 0.04 0.00
gripe 4196 0.08 0.00
hockey 4285 0.06 0.00
fans 4286 0.09 0.00
shiksha 4392 0.08 0.00
xn--t60b56a 4398 0.10 0.00
rehab 4483 0.05 0.00
hiphop 4658 0.09 0.00
gives 4859 0.05 0.00
xn--80aswg 4981 0.20 0.00
feedback 5040 0.10 0.00
rest 5075 0.11 0.00
tennis 5095 0.06 0.00
salon 5102 0.06 0.00
surgery 5152 0.06 0.00
lease 5207 0.06 0.00
eco 5264 0.10 0.01
guitars 5342 0.11 0.00
army 5345 0.06 0.00
condos 5347 0.06 0.00
villas 5413 0.06 0.00
xn--q9jyb4c 5552 0.19 0.00
rio 5741 0.11 0.00
actor 5751 0.07 0.00
limo 5913 0.12 0.00
florist 6141 0.08 0.00
furniture 6271 0.14 0.00
viajes 6312 0.07 0.00
cruises 6442 0.07 0.00
vote 6501 0.08 0.00
claims 6569 0.08 0.00
flights 6768 0.08 0.00
degree 6814 0.16 0.01
cleaning 6822 0.08 0.00
flowers 6827 0.15 0.00
blackfriday 6945 0.14 0.00
soy 6994 0.17 0.00
accountants 7055 0.09 0.00
diamonds 7180 0.08 0.00
coupons 7192 0.09 0.00
durban 7317 0.16 0.00
christmas 7431 0.16 0.00
futbol 7588 0.17 0.00
voyage 7637 0.09 0.00
tienda 7661 0.09 0.00
xn--6frz82g 7767 0.10 0.00
plumbing 7785 0.17 0.01
engineer 7889 0.17 0.01
gent 8265 0.09 0.00
reise 8303 0.10 0.00
cab 8365 0.16 0.01
mba 8464 0.10 0.00
movie 8516 0.09 0.00
mortgage 8534 0.10 0.00
dentist 8603 0.20 0.01
desi 8738 0.34 0.00
soccer 8780 0.17 0.00
rip 8852 0.10 0.00
jewelry 8940 0.20 0.00
bargains 8944 0.11 0.00
exposed 9018 0.11 0.00
supplies 9038 0.20 0.00
dating 9073 0.11 0.00
cheap 9243 0.11 0.00
irish 9303 0.11 0.00
associates 9305 0.21 0.01
moda 9449 0.11 0.00
film 9683 0.20 0.00
diet 9691 0.34 0.01
town 9893 0.21 0.01
glass 9934 0.11 0.01
gifts 10077 0.12 0.00
singles 10137 0.22 0.01
game 10230 0.20 0.00
college 10236 0.13 0.00
joburg 10236 0.12 0.00
auction 10249 0.22 0.01
catering 10296 0.12 0.00
tattoo 10317 0.21 0.00
rent 10357 0.21 0.00
builders 10378 0.24 0.00
contractors 10390 0.13 0.00
black 10529 0.13 0.00
how 10614 0.37 0.02
fail 10660 0.22 0.01
apartments 10798 0.23 0.01
recipes 10863 0.13 0.00
doctor 11059 0.20 0.00
industries 11125 0.20 0.00
loans 11248 0.13 0.00
credit 11782 0.14 0.00
gratis 11787 0.31 0.01
fish 11810 0.25 0.02
casino 12377 0.16 0.01
vacations 12403 0.24 0.01
toys 12464 0.27 0.00
insure 12556 0.26 0.01
investments 12659 0.16 0.01
schule 12856 0.15 0.00
supply 12945 0.29 0.00
mom 13076 0.27 0.00
discount 13222 0.16 0.00
camera 13338 0.27 0.01
financial 13950 0.32 0.01
shoes 13995 0.30 0.01
football 14075 0.29 0.00
xn--80asehdb 14131 0.43 0.01
vin 14697 0.18 0.01
capetown 14747 0.33 0.01
bar 14817 0.17 0.01
parts 14828 0.33 0.02
holiday 14867 0.33 0.01
computer 15081 0.18 0.00
holdings 15170 0.35 0.01
vet 15499 0.19 0.00
equipment 15564 0.33 0.02
tax 15668 0.28 0.00
promo 15732 0.36 0.01
ski 15783 0.21 0.01
haus 15808 0.21 0.00
cards 15815 0.35 0.00
limited 15910 0.21 0.00
lighting 16031 0.20 0.01
xn--mk1bu44c 16047 0.40 0.00
pizza 16059 0.36 0.00
delivery 16082 0.36 0.01
engineering 16766 0.39 0.02
taxi 16865 0.36 0.01
pink 17060 0.37 0.01
xn--tckwe 17147 0.41 0.00
camp 17326 0.36 0.01
kitchen 17389 0.40 0.01
enterprises 17730 0.43 0.01
repair 17770 0.22 0.00
health 17868 0.29 0.01
construction 17896 0.26 0.00
report 17931 0.27 0.00
dance 18045 0.39 0.01
cymru 18092 0.37 0.01
solar 18098 0.21 0.00
university 18166 0.23 0.00
vision 18174 0.40 0.02
property 18271 0.40 0.01
place 18329 0.40 0.01
productions 18523 0.24 0.00
shopping 18524 0.42 0.01
vlaanderen 18665 0.47 0.01
graphics 18929 0.40 0.01
forsale 19037 0.46 0.01
attorney 19427 0.46 0.02
express 19666 0.44 0.01
saarland 19689 0.40 0.01
pet 20018 0.26 0.00
partners 20024 0.25 0.01
domains 20082 0.44 0.01
clinic 20233 0.24 0.00
codes 20503 0.45 0.02
brussels 20803 0.31 0.01
dental 20901 0.47 0.01
immobilien 21208 0.26 0.01
earth 21562 0.47 0.02
finance 21584 0.46 0.02
careers 21592 0.26 0.01
sex 22192 0.26 0.00
kaufen 22257 0.50 0.01
hosting 22363 0.72 0.01
golf 22596 0.50 0.02
healthcare 22847 0.53 0.02
show 23148 0.50 0.01
gold 23293 0.46 0.01
pictures 23381 0.33 0.01
coop 23489 0.28 0.00
cam 23632 0.49 0.00
estate 23695 0.53 0.01
deals 23696 0.46 0.01
restaurant 23707 0.56 0.01
gal 23897 0.84 0.02
bzh 24006 0.43 0.00
tours 24089 0.53 0.01
ist 24343 0.52 0.01
boutique 24409 0.31 0.01
energy 25456 0.48 0.00
adult 25737 0.43 0.00
barcelona 26166 0.80 0.01
fitness 26218 0.55 0.01
style 26260 0.41 0.00
money 26709 0.54 0.02
fyi 26814 0.58 0.02
gift 27407 0.80 0.02
dog 27767 0.59 0.01
ventures 27871 0.35 0.00
plus 28238 0.60 0.02
exchange 28488 0.66 0.01
institute 28841 0.37 0.00
management 28881 0.59 0.00
watch 29092 0.61 0.03
istanbul 29188 0.59 0.01
reisen 29211 0.61 0.01
lawyer 29326 0.62 0.01
fund 29435 0.43 0.02
bank 29652 0.80 0.01
direct 29729 0.53 0.01
rentals 30388 0.63 0.01
jetzt 30703 0.44 0.01
tools 30991 0.50 0.01
porn 31004 0.65 0.02
chat 31116 0.59 0.01
band 31360 0.37 0.01
audio 31518 0.88 0.01
foundation 31541 0.72 0.02
clothing 31756 0.42 0.02
capital 31766 0.72 0.02
blue 32074 0.61 0.02
legal 32333 0.49 0.01
wales 32463 0.53 0.01
run 32581 0.57 0.02
pics 32772 0.89 0.02
coach 32893 0.74 0.02
school 33234 0.64 0.02
cash 33397 0.40 0.01
lol 33587 0.91 0.02
wine 33975 0.49 0.01
farm 35740 0.81 0.03
cafe 36587 0.80 0.02
properties 36908 0.73 0.01
wiki 37125 0.74 0.03
software 38305 0.68 0.02
games 38335 0.68 0.01
land 38886 0.86 0.02
bet 38922 0.71 0.03
community 39089 0.72 0.02
kim 40217 0.83 0.02
eus 40263 1.05 0.04
bike 41647 0.49 0.02
wtf 41674 0.69 0.03
works 42193 0.83 0.04
cool 42420 0.69 0.03
directory 43490 0.84 0.03
guide 44045 0.55 0.02
coffee 44334 0.84 0.02
pub 45129 0.66 0.01
gallery 46972 0.58 0.02
house 47324 0.86 0.03
training 47773 0.81 0.02
immo 48706 0.82 0.03
family 48708 0.78 0.02
video 48960 0.81 0.02
marketing 49160 0.85 0.02
care 49307 0.88 0.05
vegas 50219 0.96 0.02
africa 50332 0.90 0.03
icu 50628 1.06 0.03
frl 51907 1.17 0.03
team 51967 0.96 0.04
market 53291 0.87 0.01
cricket 53736 0.92 0.02
church 54544 0.92 0.02
photos 56156 0.92 0.02
support 57714 1.03 0.03
scot 58091 1.43 0.04
gmbh 58326 0.90 0.05
love 58791 0.74 0.02
education 59177 1.06 0.03
help 60019 1.72 0.03
reviews 61425 1.01 0.02
red 62990 0.98 0.03
events 63173 1.12 0.03
zone 63380 1.00 0.03
paris 64322 1.31 0.03
international 65170 1.16 0.03
consulting 65387 1.21 0.03
academy 72292 1.15 0.02
social 72698 1.25 0.05
systems 73808 1.14 0.03
sale 74249 1.17 0.03
sexy 77494 2.02 0.05
art 78064 1.29 0.03
photo 79500 2.14 0.06
swiss 81337 1.94 0.06
travel 82636 1.80 0.06
ink 84609 1.34 0.11
press 86009 1.35 0.05
amsterdam 86305 1.67 0.05
digital 86731 1.37 0.05
city 87912 1.26 0.07
tips 88258 1.30 0.05
expert 91560 1.36 0.03
center 92624 1.38 0.04
xn--p1acf 93739 1.58 0.03
ninja 98149 1.45 0.04
webcam 102698 1.67 0.03
studio 105304 1.54 0.06
media 107003 1.55 0.04
technology 107871 1.62 0.05
network 109572 1.66 0.03
faith 112550 1.76 0.06
realty 112684 2.05 0.04
accountant 117013 1.75 0.04
agency 124762 1.79 0.04
photography 126523 1.93 0.05
business 130822 2.18 0.06
group 136096 1.93 0.06
racing 138253 2.09 0.06
services 140999 1.95 0.05
guru 146396 2.08 0.06
company 156866 2.27 0.06
news 161835 2.22 0.08
one 162251 2.22 0.10
science 174688 2.57 0.07
jobs 176215 2.78 0.06
xxx 192987 2.72 0.08
ovh 196067 5.16 0.08
solutions 196188 2.84 0.09
email 205373 2.80 0.10
design 206411 3.09 0.07
rocks 208907 2.91 0.09
world 215910 3.00 0.09
today 234366 3.28 0.07
fun 249679 3.27 0.13
party 259101 3.75 0.12
download 261507 4.02 0.11
click 265636 6.19 0.14
tel 321704 4.27 0.15
trade 332779 4.76 0.15
date 339529 4.74 0.12
xin 355478 4.37 0.25
live 402797 5.61 0.13
life 407421 5.61 0.17
store 437968 6.08 0.18
website 462314 6.56 0.15
review 504748 7.42 0.16
tech 510520 7.07 0.22
cat 512806 11.24 0.34
link 513456 11.99 0.26
stream 555527 8.37 0.23
space 558178 7.78 0.24
pro 691315 9.03 0.33
bid 719167 9.90 0.33
men 885431 11.39 0.50
ltd 929989 11.15 0.73
site 974029 13.07 0.41
mobi 1101157 14.98 0.38
app 1183278 26.47 0.73
win 1448982 18.67 0.59
online 2011472 27.98 0.73
loan 3198214 37.73 2.29
xyz 4688504 62.15 2.04
net 34731344 534.70 12.82
