comsec 17 8  0.00
grocery 17 8  0.00
merckmsd 17 8  0.00
mls 17 8  0.00
msd 17 8  0.00
verisign 17 8  0.00
xn--11b4c3d 17 8  0.00
xn--3pxu8k 17 8  0.00
xn--42c2d9a 17 8  0.00
xn--9dbq2a 17 8  0.00
xn--c2br7g 17 8  0.00
xn--fhbei 17 8  0.00
xn--j1aef 17 8  0.00
xn--pssy2u 17 8  0.00
lacaixa 20 12  0.00
bcn 21 12  0.00
android 22 10  0.00
cal 22 10  0.00
chrome 22 10  1.00
dclk 22 10  0.00
drive 22 10  1.00
guge 22 10  1.00
hangout 22 10  0.00
map 22 10  0.00
nexus 22 10  0.00
phd 22 10  0.00
play 22 10  1.00
search 22 10  0.00
tui 22 12  0.00
xn--flw351e 22 10  1.00
xn--qcka1pmc 22 10  0.00
xn--vermgensberater-ctb 22 12  0.00
xn--vermgensberatung-pwb 22 12  0.00
zuerich 22 12  0.00
bauhaus 25 15  0.00
bom 26 16  0.00
final 26 16  0.00
boo 27 13  0.00
contact 27 16  0.00
etisalat 27 16  0.00
firestone 27 17  0.00
pid 27 16  1.00
playstation 27 17  0.00
stcgroup 27 16  0.00
viva 27 16  0.00
xn--mgbaakc7dvf 27 16  1.00
ads 28 13  1.00
channel 28 13  0.00
dad 28 13  0.00
docs 28 13  0.00
eat 28 13  0.00
epson 28 17  0.00
esq 28 13  1.00
fly 28 13  0.00
gbiz 28 13  0.00
hyundai 28 17  0.00
ing 28 13  0.00
meme 28 13  0.00
mitsubishi 28 17  0.00
mov 28 13  0.00
panasonic 28 17  0.00
prod 28 13  0.00
prof 28 13  0.00
rsvp 28 13  0.00
youtube 28 13  0.00
zip 28 13  0.00
day 29 13  0.00
fedex 29 16  0.00
ferrari 29 16  0.00
jio 29 16  0.00
maserati 29 16  0.00
mckinsey 29 16  1.00
monster 29 16  0.00
orientexpress 29 16  0.00
pnc 29 16  1.00
reliance 29 16  0.00
ril 29 16  1.00
ally 30 16  0.00
bcg 30 16  0.00
clinique 30 16  0.00
dunlop 30 16  0.00
gallup 30 16  0.00
goodyear 30 16  0.00
homedepot 30 16  0.00
lamer 30 16  1.00
lixil 30 18  0.00
metlife 30 16  0.00
origins 30 16  0.00
thd 30 16  0.00
ups 30 16  1.00
adac 31 20  0.00
lexus 31 18  0.00
lpl 31 20  0.00
lplfinancial 31 20  0.00
xn--ngbe9e0a 31 16  0.00
boots 32 20  1.00
madrid 32 21  0.00
sakura 32 20  0.00
seek 32 20  0.00
starhub 32 20  0.00
tab 32 20  0.00
fan 33 16  1.00
meo 33 20  0.00
realestate 33 12  0.00
sapo 33 20  0.00
abarth 34 20  0.00
alfaromeo 34 20  0.00
blockbuster 34 20  0.00
case 34 20  0.00
caseih 34 20  0.00
chrysler 34 20  0.00
cruise 34 20  0.00
data 34 20  1.00
dish 34 20  0.00
dodge 34 20  0.00
dvr 34 20  1.00
fiat 34 20  0.00
fido 34 20  1.00
gle 34 16  0.00
goodhands 34 20  1.00
hdfc 34 20  0.00
here 34 16  0.00
hughes 34 20  1.00
ibm 34 20  0.00
iveco 34 20  0.00
jeep 34 20  0.00
kia 34 20  1.00
lancia 34 20  0.00
latino 34 20  0.00
mobile 34 20  0.00
mopar 34 20  0.00
newholland 34 20  0.00
phone 34 20  0.00
quest 34 21  0.00
rogers 34 20  1.00
sling 34 20  0.00
srt 34 20  0.00
uconnect 34 20  0.00
agakhan 35 20  0.00
akdn 35 20  0.00
avianca 35 20  0.00
beats 35 20  0.00
boehringer 35 20  0.00
cipriani 35 20  0.00
cyou 35 20  0.00
delta 35 20  0.00
dot 35 20  1.00
dtv 35 20  0.00
hkt 35 20  0.00
icbc 35 20  1.00
itau 35 20  0.00
kosher 35 20  1.00
lasalle 35 20  0.00
lds 35 20  0.00
locker 35 20  1.00
mormon 35 20  0.00
nowtv 35 20  0.00
ollo 35 20  0.00
ott 35 20  0.00
pccw 35 20  0.00
progressive 35 20  0.00
richardli 35 20  0.00
scholarships 35 20  0.00
tvs 35 20  0.00
viking 35 20  0.00
wolterskluwer 35 20  0.00
xn--b4w605ferd 35 20  0.00
xn--estv75g 35 20  1.00
xn--fzys8d69uvgm 35 20  0.00
bostik 36 18  1.00
rmit 36 22  0.00
bridgestone 37 22  0.00
ceb 37 21  0.00
cfd 37 12  0.00
page 37 19  0.00
pwc 37 21  0.00
redumbrella 37 21  0.00
samsung 37 15  0.00
travelersinsurance 37 21  1.00
trv 37 21  0.00
box 38 25  0.00
forum 38 20  0.00
politie 38 23  0.00
softbank 39 19  1.00
travelers 39 22  0.00
caravan 40 24  1.00
cbre 40 24  0.00
citadel 40 20  0.00
frontier 40 24  0.00
gmail 40 19  0.00
hbo 40 24  0.00
mobily 40 24  0.00
nba 40 24  0.00
nike 40 24  1.00
staples 40 24  0.00
weather 40 20  0.00
weatherchannel 40 20  0.00
xn--mgbb9fbpob 40 24  0.00
dubai 41 28  0.00
imamat 41 25  0.00
jcp 41 21  0.00
fujitsu 42 22  1.00
northwesternmutual 42 25  1.00
xn--mgbca7dzdo 42 25  0.00
apple 43 22  0.00
arab 43 27  1.00
brother 43 23  1.00
natura 43 22  1.00
nec 43 23  0.00
pamperedchef 43 25  1.00
spreadbetting 43 14  0.00
toyota 43 21  0.00
xn--ngbrx 43 27  1.00
xperia 43 31  1.00
commbank 44 23  1.00
safety 44 24  0.00
banamex 45 24  1.00
cartier 45 24  1.00
chloe 45 24  1.00
duns 45 24  0.00
flickr 45 24  0.00
ftr 45 24  0.00
honda 45 20  0.00
jlc 45 24  0.00
montblanc 45 24  0.00
open 45 24  0.00
panerai 45 24  0.00
piaget 45 24  0.00
sfr 45 26  0.00
sharp 45 24  0.00
tdk 45 24  1.00
watches 45 24  0.00
xn--kpu716f 45 24  0.00
xn--pbt977c 45 24  0.00
yahoo 45 24  0.00
zippo 45 24  0.00
netbank 46 24  0.00
passagens 46 25  0.00
seven 46 25  1.00
target 46 25  0.00
baidu 47 29  0.00
temasek 47 24  0.00
wme 47 21  1.00
zara 47 22  0.00
anz 48 24  1.00
hisamitsu 48 27  1.00
lanxess 48 27  1.00
pioneer 48 22  1.00
sony 48 22  0.00
lilly 49 26  0.00
office 49 25  1.00
redstone 49 27  0.00
comcast 50 30  1.00
itv 50 26  1.00
rocher 50 25  1.00
telecity 50 30  0.00
vuelos 50 25  0.00
xfinity 50 30  0.00
cbn 51 25  0.00
ieee 51 26  0.00
iwc 51 26  0.00
able 52 26  0.00
kinder 52 26  0.00
sncf 52 23  0.00
jll 53 27  0.00
amica 54 26  0.00
kpmg 54 27  0.00
chintai 55 27  0.00
kfh 55 28  0.00
ping 55 29  1.00
stc 55 24  0.00
meet 58 28  0.00
dabur 59 28  0.00
ricoh 59 25  0.00
xn--kcrx77d1x4a 59 29  1.00
bond 60 34  0.00
ferrero 60 27  0.00
grainger 62 27  0.00
ntt 62 39  0.00
citi 63 27  0.00
gucci 65 29  0.00
skype 65 29  0.00
latrobe 66 37  1.00
sew 67 28  0.00
komatsu 68 37  0.00
woodside 68 29  0.00
ismaili 70 45  0.00
allstate 72 39  0.00
intel 72 31  0.00
teva 75 34  1.00
stockholm 76 33  1.00
philips 79 41  0.00
americanexpress 80 31  0.00
cern 87 47  0.00
williamhill 107 45  1.00
sbi 116 32  0.00
lidl 117 41  0.00
amex 120 39  0.00
aquarelle 120 41  1.00
xn--nyqy26a 124 47  0.00
jprs 130 98  1.00
shriram 139 47  1.00
fage 149 77  1.00
bofa 159 140  1.00
ericsson 159 140  1.00
gallo 159 140  0.00
kerryproperties 159 140  1.00
nationwide 159 140  1.00
nissay 159 139  1.00
tiaa 159 139  1.00
volvo 159 140  1.00
warman 159 140  0.00
aeg 160 140  1.00
aol 160 140  0.00
barefoot 160 140  0.00
bbt 160 140  1.00
bms 160 140  1.00
bosch 160 140  1.00
fidelity 160 140  1.00
juniper 160 140  1.00
kerryhotels 160 140  1.00
kerrylogistics 160 140  1.00
kuokgroup 160 140  1.00
ladbrokes 160 140  1.00
lefrak 160 140  1.00
lego 160 140  1.00
lupin 160 140  1.00
nextdirect 160 140  1.00
nikon 160 140  0.00
onyourside 160 140  1.00
shangrila 160 140  1.00
statoil 160 140  0.00
ubank 160 140  0.00
ubs 160 140  0.00
visa 160 140  1.00
xn--5su34j936bgsg 160 140  1.00
xn--w4r85el8fhu5dnra 160 140  2.00
xn--w4rs40l 160 140  1.00
accenture 162 141  1.00
crown 162 141  0.00
nadex 162 141  1.00
rwe 162 141  0.00
sbs 162 141  1.00
ses 162 141  1.00
airbus 163 141  1.00
auspost 163 60  0.00
blanco 163 141  1.00
chanel 166 143  1.00
med 166 142  1.00
genting 167 143  1.00
omega 168 142  0.00
statebank 168 39  1.00
lundbeck 169 145  1.00
maif 169 145  0.00
cfa 170 145  1.00
clubmed 170 145  1.00
lipsy 170 145  0.00
java 171 142  0.00
liaison 171 146  1.00
nab 172 142  1.00
next 172 144  0.00
oracle 172 142  1.00
orange 172 146  1.00
sanofi 172 143  1.00
rexroth 174 147  0.00
toray 174 49  1.00
sca 175 145  1.00
tatamotors 175 143  0.00
arte 176 146  0.00
jaguar 176 143  1.00
landrover 176 143  1.00
swatch 178 144  1.00
vanguard 183 145  1.00
abc 186 147  1.00
bbva 186 152  1.00
xn--imr513n 196 107  1.00
kpn 197 64  1.00
azure 200 150  1.00
foo 200 114  1.00
cba 201 63  1.00
total 208 60  1.00
ice 209 147  2.00
abb 210 162  2.00
autos 215 80  1.00
abudhabi 216 112  1.00
fox 216 78  1.00
shell 219 176  1.00
dev 228 114  1.00
hotmail 231 158  1.00
schwarz 233 70  0.00
sener 234 177  1.00
afl 236 76  1.00
mango 238 120  1.00
motorcycles 241 85  1.00
uol 241 145  2.00
bing 244 161  1.00
windows 252 163  1.00
rugby 254 92  1.00
google 270 162  2.00
erni 271 182  1.00
trust 279 213  1.00
stada 281 102  1.00
new 286 142  1.00
xbox 288 172  0.00
fresenius 295 129  1.00
sky 301 171  1.00
leclerc 303 150  1.00
pictet 305 190  1.00
linde 312 213  2.00
esurance 326 166  1.00
xn--fjq720a 328 96  2.00
protection 330 100  1.00
microsoft 348 187  1.00
theatre 357 124  2.00
globo 360 184  2.00
weir 378 249  1.00
goog 410 229  2.00
whoswho 454 130  1.00
nra 461 163  2.00
weber 462 274  1.00
basketball 514 182  3.00
xn--unup4y 552 156  3.00
bloomberg 598 213  3.00
reit 607 138  3.00
yachts 645 196  2.00
forex 717 322  4.00
man 723 515  2.00
broadway 825 286  3.00
voto 835 304  4.00
security 894 286  3.00
hiv 1060 336  3.00
xn--czrs0t 1212 350  7.00
homes 1274 444  6.00
boats 1399 455  4.00
cars 1568 939  5.00
xn--5tzm5g 1661 522  4.00
storage 1684 582  5.00
creditunion 1708 591  8.00
car 1746 1041  5.00
osaka 1789 658  5.00
broker 1802 748  5.00
airforce 1842 713  5.00
auto 2045 1227  6.00
observer 2337 974  7.00
navy 2402 874 12.00
memorial 2419 791  7.00
insurance 2427 1863  8.00
creditcard 2459 913 13.00
seat 2517 1884  9.00
xn--vhquv 2662 1194 13.00
markets 2825 1017  9.00
xn--mgbab2bd 2875 2022 19.00
tires 3028 1218  9.00
sarl 3065 1448 17.00
maison 3146 1293  9.00
trading 3171 1257  9.00
bible 3339 1404  9.00
republican 3359 1111 17.00
democrat 3636 1163 19.00
hospital 3686 1477 19.00
juegos 3840 2466 23.00
corsica 3852 2135 12.00
shiksha 3919 1456 20.00
bingo 3956 1445 11.00
tickets 3983 1098 22.00
theater 4024 1358 21.00
gripe 4177 1299 21.00
fans 4308 1512 11.00
hiphop 4312 2810 13.00
hockey 4365 1443 12.00
xn--t60b56a 4468 1645 25.00
rehab 4500 1751 12.00
viajes 4583 1853 13.00
realty 4792 1925 14.00
gives 4906 1694 25.00
xn--80aswg 4996 3242 35.99
tennis 5068 1811 26.00
feedback 5099 2419 26.00
condos 5120 2110 14.00
guitars 5124 3336 16.00
salon 5169 2015 15.00
eco 5245 2115 28.00
lease 5293 2087 28.00
rest 5346 2094 28.00
surgery 5383 1978 16.00
villas 5409 2134 26.00
army 5557 2163 15.00
xn--q9jyb4c 5567 3502 20.00
rio 5712 3166 17.00
actor 5814 2176 30.99
limo 5894 2409 30.99
florist 6121 2378 29.99
desi 6208 4003 35.99
degree 6302 2523 31.00
cruises 6320 2371 30.99
furniture 6342 2406 18.00
flowers 6512 4314 39.99
flights 6728 2467 33.99
cleaning 6818 2585 20.00
claims 6906 2785 20.00
blackfriday 6956 4107 41.99
vote 7006 2752 35.99
diamonds 7079 2748 21.00
accountants 7080 2989 38.99
soy 7175 3978 24.00
coupons 7220 2619 21.00
tienda 7270 2761 39.00
futbol 7306 2790 21.00
durban 7372 2270 21.00
christmas 7376 4583 43.99
xn--6frz82g 7558 3224 23.00
plumbing 7830 3064 41.99
voyage 8009 3248 43.99
engineer 8032 3056 43.99
reise 8209 3127 24.00
mortgage 8255 3359 43.99
gent 8275 3620 25.00
movie 8415 2936 44.99
dentist 8559 3394 41.99
cab 8580 3598 25.00
mba 8721 3402 37.99
bargains 8881 3224 26.00
soccer 8923 3333 47.99
supplies 8978 3432 44.99
jewelry 9019 3467 27.00
dating 9155 3326 26.99
irish 9225 3202 45.99
cheap 9276 3635 48.99
exposed 9317 3453 28.00
diet 9390 6244 49.99
rip 9486 3646 27.00
moda 9520 3486 27.00
associates 9591 3662 29.00
game 9762 5762 54.99
film 9941 3850 51.99
glass 9944 3843 51.99
college 9981 3691 30.00
gifts 10050 3891 28.99
singles 10105 3844 53.99
town 10251 3812 53.99
builders 10342 4076 56.99
contractors 10364 4067 31.99
joburg 10366 3210 31.00
catering 10405 4133 31.99
black 10413 4414 30.99
apartments 10486 4001 31.99
tattoo 10534 6357 66.99
rent 10734 4449 56.99
mom 10750 7185 60.99
auction 10794 4253 58.99
how 10863 6339 66.99
fail 10871 4001 30.99
loans 11120 4277 31.00
recipes 11392 4254 32.99
industries 11643 4407 65.99
doctor 11800 4768 63.99
vacations 12046 4434 60.99
gratis 12085 4822 65.99
credit 12188 4968 36.00
fish 12200 4803 64.99
casino 12270 4896 35.99
toys 12544 4812 66.99
insure 12575 4918 36.99
schule 12800 5791 36.00
investments 12981 4693 40.99
camera 13053 4923 38.99
supply 13289 5125 72.99
discount 13529 4950 40.99
xn--80asehdb 13881 9258 94.99
shoes 14061 5341 75.99
financial 14157 5046 77.99
football 14238 5585 78.99
holiday 14881 5453 82.99
capetown 14936 4642 81.99
bar 15062 5930 44.99
computer 15252 5721 46.99
parts 15285 6185 83.99
holdings 15324 5904 62.99
haus 15382 5860 45.99
xn--tckwe 15434 6296 91.99
equipment 15630 6197 88.99
vet 15846 6331 46.99
cards 15895 6264 69.99
ski 15899 6831 89.99
limited 15939 5737 80.99
tax 16015 6321 85.99
vin 16183 7104 86.99
xn--mk1bu44c 16216 6272 93.99
lighting 16237 6626 90.99
delivery 16444 5740 91.99
promo 16468 7203 89.99
pizza 16606 6731 91.99
kitchen 17427 6862 52.99
engineering 17449 6483 100.98
camp 17474 6775 94.98
pink 17580 7215 94.99
property 17753 11832 109.98
repair 17811 6997 97.98
place 17856 7102 96.99
enterprises 17964 6823 102.98
taxi 18029 7485 100.99
report 18043 6590 99.99
solar 18073 7325 77.99
cymru 18174 7171 97.99
construction 18220 7325 104.98
university 18485 6884 104.99
dance 18555 7256 100.98
vision 18667 7313 102.98
vlaanderen 18773 7467 99.99
shopping 18830 7181 104.98
graphics 18925 7507 105.98
productions 19096 7285 59.99
attorney 19260 7539 107.98
forsale 19487 7241 107.98
health 19502 7404 70.99
saarland 19751 11705 128.98
domains 20187 7624 102.99
express 20399 8004 113.98
clinic 20508 7742 72.99
dental 20575 7947 112.98
partners 20629 7735 114.98
immobilien 20809 7017 107.98
brussels 21027 10423 95.99
codes 21257 8049 116.98
kaufen 21374 7816 118.98
hosting 21664 13548 132.98
careers 21820 7991 121.98
sex 22033 7928 116.98
earth 22210 9036 66.99
golf 22371 9201 121.98
finance 22425 8559 124.98
coop 22545 8051 123.98
ist 22688 10522 120.98
cam 23485 15650 150.98
healthcare 23553 9119 107.98
gold 23764 9396 125.98
pictures 23978 9212 121.98
deals 24033 9551 131.98
gal 24153 14194 173.97
estate 24187 10004 132.98
show 24207 9298 131.98
pet 24230 10525 130.98
bzh 24439 13484 148.98
restaurant 24483 9178 141.98
tours 24545 10019 112.98
boutique 25324 10520 147.98
adult 25401 8765 138.98
barcelona 26172 16630 148.98
energy 26248 10987 139.98
style 26388 10155 144.98
gift 26694 17455 91.99
istanbul 26706 12371 149.98
reisen 26796 12035 142.98
fitness 26979 10778 152.98
money 27405 10941 152.98
bank 27905 22482 205.97
dog 28372 11292 155.98
watch 29095 9520 87.99
ventures 29290 11373 165.97
institute 29370 11347 168.98
lawyer 29581 12019 168.97
management 29653 11452 174.97
plus 29736 11754 164.98
rentals 29849 12201 170.97
fyi 30097 12208 165.98
porn 30146 10721 151.98
direct 30305 12263 164.97
audio 30415 19168 191.97
exchange 30576 12218 147.98
fund 31420 12551 175.97
clothing 31486 12480 180.97
chat 31670 12575 104.98
tools 31978 12263 181.97
pics 32245 20696 204.97
blue 32479 13327 182.97
band 32482 13208 178.97
wales 32514 12709 180.97
lol 32681 21479 174.97
foundation 32828 12893 143.98
legal 33396 13527 190.97
school 33476 13094 192.97
capital 33884 13831 181.97
coach 34496 14050 108.98
sexy 34502 21496 120.98
run 35171 14275 196.97
cash 35348 14750 182.97
farm 36439 14881 111.98
wine 36473 15146 208.97
properties 36699 14322 179.97
cafe 37617 15185 205.97
wiki 38002 15447 216.97
software 39736 15429 232.96
land 39903 16117 193.97
community 40018 15156 219.97
games 40479 16635 230.96
eus 40814 25610 171.97
bet 41232 17976 186.97
kim 42391 19545 227.97
bike 42942 17554 241.96
directory 43383 18238 253.96
works 43514 17312 246.96
cool 44094 17907 190.97
pub 44363 19243 245.96
guide 44820 17881 256.96
coffee 46180 18941 265.96
jetzt 46617 29578 170.97
gallery 47507 19000 274.96
house 48004 19793 267.96
training 48884 19853 288.96
vegas 49491 18671 258.96
video 50072 18928 196.97
marketing 50332 20311 295.95
family 51396 19384 276.96
care 51401 21162 281.96
frl 52774 29952 198.97
africa 53409 16915 228.96
immo 53797 23135 252.96
cricket 54980 27229 239.96
team 55233 21898 296.95
wtf 55537 36660 290.96
church 55638 22838 267.96
market 56608 24220 245.96
photos 56973 22169 224.97
gmbh 58241 19791 312.95
scot 58859 34469 249.96
help 59692 38705 216.97
education 59818 23756 333.95
support 60086 23442 198.97
reviews 60903 19018 239.96
love 62354 26522 310.95
zone 64176 26595 349.95
red 64568 28706 200.97
events 64837 24923 240.96
paris 65037 31347 228.96
international 67253 26563 333.95
consulting 68310 25715 229.97
city 71024 30442 318.95
sale 73048 32005 236.96
social 73803 23997 291.96
academy 75108 30944 306.95
systems 75986 30153 248.96
swiss 82178 53201 324.95
photo 82238 52952 313.95
travel 82636 51406 298.95
art 83165 35793 301.95
press 86849 41034 277.96
ink 87215 40633 266.96
tips 89253 35522 292.95
amsterdam 89287 47557 323.95
digital 90006 36154 297.96
xn--p1acf 90938 41054 491.93
expert 91839 36064 302.95
center 94436 38623 308.95
ninja 98202 36211 325.95
icu 104545 53648 333.95
technology 105353 46630 444.93
webcam 107709 52614 350.95
studio 108916 43809 362.94
media 110240 45721 362.94
network 119942 51722 409.94
photography 127310 52341 468.93
faith 128330 63326 419.94
accountant 128628 63898 428.94
agency 130913 59100 440.93
services 146089 64580 498.93
guru 149204 64435 491.92
business 154276 47276 556.91
racing 157855 77629 519.92
group 157971 75026 517.92
news 161333 63326 530.92
company 162340 68541 550.92
one 165911 70563 536.92
jobs 176168 46405 612.91
xxx 192211 94384 627.90
science 196830 95108 817.88
solutions 198485 85978 692.89
design 199693 76459 684.90
ovh 200100 145188 834.87
email 215025 88232 733.89
rocks 219158 90211 746.89
world 222838 98881 762.88
today 229984 103387 779.88
click 238806 157364 939.86
download 265983 127174 942.86
party 267514 128921 916.86
fun 267615 135145 863.87
tel 317812 77263 1072.84
xin 348639 174184 1110.83
trade 357310 171430 1237.81
life 391723 172496 1338.80
date 398577 217997 1325.80
live 441755 193999 1541.77
store 460045 193872 1620.75
link 478598 329749 1985.70
website 487719 215230 1755.73
tech 501985 209480 1789.73
cat 514595 320693 2533.61
space 518590 222961 1830.72
review 534767 265532 1913.71
stream 649548 321861 2332.64
pro 672651 293845 2312.65
bid 702570 329379 2439.63
men 852082 420440 2876.56
ltd 921977 449785 3051.54
site 1027032 447935 3656.44
mobi 1083203 460014 3919.40
app 1397066 929373 6526.01
win 1519896 632186 5317.19
online 2091544 818193 7904.80
xyz 4556105 1848760 17092.40
loan 4680918 2202036 16578.48
net 34449304 14730394 200584.51
