comsec 17 8  0.00
grocery 17 8  0.00
merckmsd 17 8  0.00
mls 17 8  0.00
msd 17 8  1.00
verisign 17 8  0.00
xn--11b4c3d 17 8  1.00
xn--3pxu8k 17 8  0.00
xn--42c2d9a 17 8  0.00
xn--9dbq2a 17 8  0.00
xn--c2br7g 17 8  0.00
xn--fhbei 17 8  1.00
xn--j1aef 17 8  1.00
xn--pssy2u 17 8  0.00
lacaixa 20 12  0.00
bcn 21 12  0.00
android 22 10  1.00
cal 22 10  1.00
chrome 22 10  0.00
dclk 22 10  0.00
drive 22 10  1.00
guge 22 10  0.00
hangout 22 10  0.00
map 22 10  0.00
nexus 22 10  0.00
phd 22 10  0.00
play 22 10  0.00
search 22 10  0.00
tui 22 12  0.00
xn--flw351e 22 10  1.00
xn--qcka1pmc 22 10  0.00
xn--vermgensberater-ctb 22 12  1.00
xn--vermgensberatung-pwb 22 12  0.00
zuerich 22 12  0.00
bauhaus 25 15  0.00
bom 26 16  0.00
final 26 16  0.00
boo 27 13  0.00
contact 27 16  1.00
etisalat 27 16  0.00
firestone 27 17  0.00
pid 27 16  0.00
playstation 27 17  0.00
stcgroup 27 16  0.00
viva 27 16  0.00
xn--mgbaakc7dvf 27 16  0.00
ads 28 13  0.00
channel 28 13  0.00
dad 28 13  0.00
docs 28 13  0.00
eat 28 13  0.00
epson 28 17  0.00
esq 28 13  0.00
fly 28 13  0.00
gbiz 28 13  0.00
hyundai 28 17  0.00
ing 28 13  0.00
meme 28 13  0.00
mitsubishi 28 17  0.00
mov 28 13  1.00
panasonic 28 17  0.00
prod 28 13  0.00
prof 28 13  1.00
rsvp 28 13  0.00
youtube 28 13  1.00
zip 28 13  1.00
day 29 13  0.00
fedex 29 16  0.00
ferrari 29 16  0.00
jio 29 16  0.00
maserati 29 16  0.00
mckinsey 29 16  1.00
monster 29 16  0.00
orientexpress 29 16  0.00
pnc 29 16  0.00
reliance 29 16  0.00
ril 29 16  1.00
ally 30 16  0.00
bcg 30 16  0.00
clinique 30 16  0.00
dunlop 30 16  1.00
gallup 30 16  0.00
goodyear 30 16  1.00
homedepot 30 16  1.00
lamer 30 16  0.00
lixil 30 18  0.00
metlife 30 16  0.00
origins 30 16  0.00
thd 30 16  0.00
ups 30 16  0.00
adac 31 20  0.00
lexus 31 18  0.00
lpl 31 20  0.00
lplfinancial 31 20  0.00
xn--ngbe9e0a 31 16  0.00
boots 32 20  0.00
madrid 32 21  1.00
sakura 32 20  1.00
seek 32 20  0.00
starhub 32 20  1.00
tab 32 20  0.00
fan 33 16  0.00
meo 33 20  1.00
realestate 33 12  0.00
sapo 33 20  0.00
abarth 34 20  0.00
alfaromeo 34 20  0.00
blockbuster 34 20  0.00
case 34 20  0.00
caseih 34 20  0.00
chrysler 34 20  0.00
cruise 34 20  0.00
data 34 20  0.00
dish 34 20  0.00
dodge 34 20  1.00
dvr 34 20  0.00
fiat 34 20  0.00
fido 34 20  0.00
gle 34 16  0.00
goodhands 34 20  0.00
hdfc 34 20  1.00
here 34 16  0.00
hughes 34 20  1.00
ibm 34 20  0.00
iveco 34 20  1.00
jeep 34 20  0.00
kia 34 20  0.00
lancia 34 20  0.00
latino 34 20  0.00
mobile 34 20  0.00
mopar 34 20  0.00
newholland 34 20  0.00
phone 34 20  0.00
quest 34 21  0.00
rogers 34 20  0.00
sling 34 20  0.00
srt 34 20  0.00
uconnect 34 20  0.00
agakhan 35 20  1.00
akdn 35 20  0.00
avianca 35 20  0.00
beats 35 20  0.00
boehringer 35 20  0.00
cipriani 35 20  0.00
cyou 35 20  1.00
delta 35 20  0.00
dot 35 20  1.00
dtv 35 20  0.00
hkt 35 20  0.00
icbc 35 20  0.00
itau 35 20  0.00
kosher 35 20  0.00
lasalle 35 20  0.00
lds 35 20  0.00
locker 35 20  1.00
mormon 35 20  1.00
nowtv 35 20  0.00
ollo 35 20  0.00
ott 35 20  0.00
pccw 35 20  0.00
progressive 35 20  1.00
richardli 35 20  1.00
scholarships 35 20  0.00
tvs 35 20  0.00
viking 35 20  0.00
wolterskluwer 35 20  0.00
xn--b4w605ferd 35 20  1.00
xn--estv75g 35 20  0.00
xn--fzys8d69uvgm 35 20  0.00
bostik 36 18  0.00
rmit 36 22  1.00
bridgestone 37 22  1.00
ceb 37 21  0.00
cfd 37 12  0.00
page 37 19  0.00
pwc 37 21  0.00
redumbrella 37 21  0.00
samsung 37 15  0.00
travelersinsurance 37 21  0.00
trv 37 21  0.00
box 38 25  0.00
forum 38 20  0.00
politie 38 23  0.00
softbank 39 19  1.00
travelers 39 22  0.00
caravan 40 24  0.00
cbre 40 24  0.00
citadel 40 20  0.00
frontier 40 24  0.00
gmail 40 19  1.00
hbo 40 24  1.00
mobily 40 24  1.00
nba 40 24  1.00
nike 40 24  1.00
staples 40 24  0.00
weather 40 20  0.00
weatherchannel 40 20  1.00
xn--mgbb9fbpob 40 24  0.00
dubai 41 28  0.00
imamat 41 25  1.00
jcp 41 21  0.00
fujitsu 42 22  0.00
northwesternmutual 42 25  1.00
xn--mgbca7dzdo 42 25  0.00
apple 43 22  0.00
arab 43 27  0.00
brother 43 23  0.00
natura 43 22  1.00
nec 43 23  0.00
pamperedchef 43 25  0.00
spreadbetting 43 14  0.00
toyota 43 21  1.00
xn--ngbrx 43 27  0.00
xperia 43 31  0.00
commbank 44 23  0.00
safety 44 24  0.00
banamex 45 24  0.00
cartier 45 24  1.00
chloe 45 24  0.00
duns 45 24  1.00
flickr 45 24  0.00
ftr 45 24  1.00
honda 45 20  0.00
jlc 45 24  0.00
montblanc 45 24  0.00
open 45 24  0.00
panerai 45 24  0.00
piaget 45 24  0.00
sfr 45 26  0.00
sharp 45 24  0.00
tdk 45 24  0.00
watches 45 24  0.00
xn--kpu716f 45 24  0.00
xn--pbt977c 45 24  0.00
yahoo 45 24  0.00
zippo 45 24  1.00
netbank 46 24  0.00
passagens 46 25  0.00
seven 46 25  0.00
target 46 25  0.00
baidu 47 29  0.00
temasek 47 24  0.00
wme 47 21  1.00
zara 47 22  1.00
anz 48 24  1.00
hisamitsu 48 27  1.00
lanxess 48 27  0.00
pioneer 48 22  1.00
sony 48 22  0.00
lilly 49 26  0.00
office 49 25  0.00
redstone 49 27  0.00
comcast 50 30  0.00
itv 50 26  1.00
rocher 50 25  0.00
telecity 50 30  1.00
vuelos 50 25  0.00
xfinity 50 30  1.00
cbn 51 25  1.00
ieee 51 26  0.00
iwc 51 26  1.00
able 52 26  0.00
kinder 52 26  0.00
sncf 52 23  0.00
jll 53 27  0.00
amica 54 26  0.00
kpmg 54 27  1.00
chintai 55 27  1.00
kfh 55 28  1.00
ping 55 29  0.00
stc 55 24  0.00
meet 58 28  0.00
dabur 59 28  0.00
ricoh 59 25  0.00
xn--kcrx77d1x4a 59 29  0.00
bond 60 34  1.00
ferrero 60 27  0.00
grainger 62 27  0.00
ntt 62 39  0.00
citi 63 27  0.00
gucci 65 29  0.00
skype 65 29  1.00
latrobe 66 37  1.00
sew 67 28  0.00
komatsu 68 37  0.00
woodside 68 29  1.00
ismaili 70 45  0.00
allstate 72 39  0.00
intel 72 31  0.00
teva 75 34  0.00
stockholm 76 33  0.00
philips 79 41  1.00
americanexpress 80 31  1.00
cern 87 47  0.00
williamhill 107 45  1.00
sbi 116 32  1.00
lidl 117 41  0.00
amex 120 39  0.00
aquarelle 120 41  0.00
xn--nyqy26a 124 47  1.00
jprs 130 98  1.00
shriram 139 47  1.00
fage 149 77  1.00
bofa 159 140  1.00
ericsson 159 140  0.00
gallo 159 140  0.00
kerryproperties 159 140  0.00
nationwide 159 140  1.00
nissay 159 139  1.00
tiaa 159 139  2.00
volvo 159 140  0.00
warman 159 140  0.00
aeg 160 140  1.00
aol 160 140  0.00
barefoot 160 140  0.00
bbt 160 140  1.00
bms 160 140  1.00
bosch 160 140  1.00
fidelity 160 140  1.00
juniper 160 140  1.00
kerryhotels 160 140  0.00
kerrylogistics 160 140  1.00
kuokgroup 160 140  1.00
ladbrokes 160 140  0.00
lefrak 160 140  0.00
lego 160 140  1.00
lupin 160 140  0.00
nextdirect 160 140  1.00
nikon 160 140  0.00
onyourside 160 140  0.00
shangrila 160 140  0.00
statoil 160 140  0.00
ubank 160 140  1.00
ubs 160 140  1.00
visa 160 140  2.00
xn--5su34j936bgsg 160 140  1.00
xn--w4r85el8fhu5dnra 160 140  1.00
xn--w4rs40l 160 140  1.00
accenture 162 141  0.00
crown 162 141  0.00
nadex 162 141  2.00
rwe 162 141  0.00
sbs 162 141  1.00
ses 162 141  1.00
airbus 163 141  0.00
auspost 163 60  1.00
blanco 163 141  0.00
chanel 166 143  1.00
med 166 142  1.00
genting 167 143  1.00
omega 168 142  1.00
statebank 168 39  1.00
lundbeck 169 145  1.00
maif 169 145  1.00
cfa 170 145  0.00
clubmed 170 145  0.00
lipsy 170 145  1.00
java 171 142  0.00
liaison 171 146  1.00
nab 172 142  1.00
next 172 144  0.00
oracle 172 142  0.00
orange 172 146  1.00
sanofi 172 143  1.00
rexroth 174 147  1.00
toray 174 49  0.00
sca 175 145  1.00
tatamotors 175 143  1.00
arte 176 146  1.00
jaguar 176 143  1.00
landrover 176 143  1.00
swatch 178 144  1.00
vanguard 183 145  2.00
abc 186 147  1.00
bbva 186 152  1.00
xn--imr513n 196 107  0.00
kpn 197 64  1.00
azure 200 150  1.00
foo 200 114  1.00
cba 201 63  1.00
total 208 60  1.00
ice 209 147  1.00
abb 210 162  1.00
autos 215 80  1.00
abudhabi 216 112  1.00
fox 216 78  0.00
shell 219 176  0.00
dev 228 114  0.00
hotmail 231 158  1.00
schwarz 233 70  1.00
sener 234 177  2.00
afl 236 76  1.00
mango 238 120  1.00
motorcycles 241 85  1.00
uol 241 145  1.00
bing 244 161  1.00
windows 252 163  1.00
rugby 254 92  0.00
google 270 162  1.00
erni 271 182  1.00
trust 279 213  1.00
stada 281 102  1.00
new 286 142  1.00
xbox 288 172  1.00
fresenius 295 129  1.00
sky 301 171  2.00
leclerc 303 150  1.00
pictet 305 190  1.00
linde 312 213  2.00
esurance 326 166  0.00
xn--fjq720a 328 96  1.00
protection 330 100  2.00
microsoft 348 187  1.00
theatre 357 124  1.00
globo 360 184  1.00
weir 378 249  1.00
goog 410 229  1.00
whoswho 454 130  2.00
nra 461 163  2.00
weber 462 274  2.00
basketball 514 182  1.00
xn--unup4y 552 156  3.00
bloomberg 598 213  2.00
reit 607 138  2.00
yachts 645 196  2.00
forex 717 322  3.00
man 723 515  5.00
broadway 825 286  4.00
voto 835 304  4.00
security 894 286  5.00
hiv 1060 336  3.00
xn--czrs0t 1212 350  3.00
homes 1274 444  5.00
boats 1399 455  4.00
cars 1568 939  5.00
xn--5tzm5g 1661 522  5.00
storage 1684 582  4.00
creditunion 1708 591  5.00
car 1746 1041 10.00
osaka 1789 658  5.00
broker 1802 748  9.00
airforce 1842 713  5.00
auto 2045 1227  7.00
observer 2337 974  7.00
navy 2402 874 12.00
memorial 2419 791  7.00
insurance 2427 1863  9.00
creditcard 2459 913  6.00
seat 2517 1884 16.00
xn--vhquv 2662 1194 14.00
markets 2825 1017  9.00
xn--mgbab2bd 2875 2022 16.00
tires 3028 1218  9.00
sarl 3065 1448 18.00
maison 3146 1293 10.00
trading 3171 1257  9.00
bible 3339 1404 17.00
republican 3359 1111 18.00
democrat 3636 1163 10.00
hospital 3686 1477 13.00
juegos 3840 2466 13.00
corsica 3852 2135 13.00
shiksha 3919 1456 12.00
bingo 3956 1445 12.00
tickets 3983 1098 21.00
theater 4024 1358 11.00
gripe 4177 1299 12.00
fans 4308 1512 12.00
hiphop 4312 2810 15.00
hockey 4365 1443 13.00
xn--t60b56a 4468 1645 25.00
rehab 4500 1751 13.00
viajes 4583 1853 24.00
realty 4792 1925 14.00
gives 4906 1694 14.00
xn--80aswg 4996 3242 21.00
tennis 5068 1811 15.00
feedback 5099 2419 16.00
condos 5120 2110 15.00
guitars 5124 3336 18.00
salon 5169 2015 14.00
eco 5245 2115 27.99
lease 5293 2087 17.00
rest 5346 2094 29.00
surgery 5383 1978 27.00
villas 5409 2134 29.00
army 5557 2163 17.00
xn--q9jyb4c 5567 3502 20.00
rio 5712 3166 18.00
actor 5814 2176 18.00
limo 5894 2409 30.99
florist 6121 2378 18.00
desi 6208 4003 23.00
degree 6302 2523 19.00
cruises 6320 2371 21.00
furniture 6342 2406 20.00
flowers 6512 4314 24.00
flights 6728 2467 21.00
cleaning 6818 2585 21.00
claims 6906 2785 21.00
blackfriday 6956 4107 31.00
vote 7006 2752 38.00
diamonds 7079 2748 22.00
accountants 7080 2989 23.00
soy 7175 3978 44.99
coupons 7220 2619 23.00
tienda 7270 2761 38.99
futbol 7306 2790 23.00
durban 7372 2270 22.00
christmas 7376 4583 27.00
xn--6frz82g 7558 3224 42.99
plumbing 7830 3064 42.99
voyage 8009 3248 44.99
engineer 8032 3056 25.00
reise 8209 3127 24.00
mortgage 8255 3359 45.99
gent 8275 3620 27.00
movie 8415 2936 45.99
dentist 8559 3394 27.00
cab 8580 3598 26.00
mba 8721 3402 46.99
bargains 8881 3224 29.00
soccer 8923 3333 49.99
supplies 8978 3432 27.00
jewelry 9019 3467 28.00
dating 9155 3326 30.00
irish 9225 3202 27.00
cheap 9276 3635 29.00
exposed 9317 3453 29.00
diet 9390 6244 31.99
rip 9486 3646 28.00
moda 9520 3486 28.00
associates 9591 3662 32.00
game 9762 5762 31.99
film 9941 3850 30.00
glass 9944 3843 30.00
college 9981 3691 33.00
gifts 10050 3891 31.00
singles 10105 3844 50.99
town 10251 3812 54.99
builders 10342 4076 49.99
contractors 10364 4067 32.99
joburg 10366 3210 31.99
catering 10405 4133 33.99
black 10413 4414 32.99
apartments 10486 4001 34.99
tattoo 10534 6357 42.99
rent 10734 4449 31.99
mom 10750 7185 63.99
auction 10794 4253 33.99
how 10863 6339 39.99
fail 10871 4001 33.99
loans 11120 4277 32.00
recipes 11392 4254 33.99
industries 11643 4407 38.00
doctor 11800 4768 45.99
vacations 12046 4434 67.99
gratis 12085 4822 38.99
credit 12188 4968 35.99
fish 12200 4803 38.00
casino 12270 4896 37.99
toys 12544 4812 66.99
insure 12575 4918 39.99
schule 12800 5791 36.99
investments 12981 4693 43.99
camera 13053 4923 50.99
supply 13289 5125 40.99
discount 13529 4950 45.99
xn--80asehdb 13881 9258 97.98
shoes 14061 5341 76.99
financial 14157 5046 47.99
football 14238 5585 50.99
holiday 14881 5453 60.99
capetown 14936 4642 83.99
bar 15062 5930 46.99
computer 15252 5721 49.99
parts 15285 6185 84.99
holdings 15324 5904 51.99
haus 15382 5860 51.99
xn--tckwe 15434 6296 92.99
equipment 15630 6197 51.99
vet 15846 6331 87.99
cards 15895 6264 49.99
ski 15899 6831 90.99
limited 15939 5737 89.99
tax 16015 6321 55.99
vin 16183 7104 97.98
xn--mk1bu44c 16216 6272 95.99
lighting 16237 6626 52.99
delivery 16444 5740 52.99
promo 16468 7203 90.99
pizza 16606 6731 50.99
kitchen 17427 6862 56.99
engineering 17449 6483 58.99
camp 17474 6775 105.98
pink 17580 7215 97.99
property 17753 11832 115.98
repair 17811 6997 54.99
place 17856 7102 98.98
enterprises 17964 6823 59.99
taxi 18029 7485 64.99
report 18043 6590 101.98
solar 18073 7325 54.99
cymru 18174 7171 57.99
construction 18220 7325 61.99
university 18485 6884 58.99
dance 18555 7256 60.99
vision 18667 7313 105.98
vlaanderen 18773 7467 59.99
shopping 18830 7181 106.98
graphics 18925 7507 60.99
productions 19096 7285 116.98
attorney 19260 7539 65.99
forsale 19487 7241 65.99
health 19502 7404 109.98
saarland 19751 11705 112.98
domains 20187 7624 65.99
express 20399 8004 62.99
clinic 20508 7742 66.99
dental 20575 7947 66.99
partners 20629 7735 96.99
immobilien 20809 7017 68.99
brussels 21027 10423 117.98
codes 21257 8049 69.99
kaufen 21374 7816 68.99
hosting 21664 13548 81.99
careers 21820 7991 70.99
sex 22033 7928 120.98
earth 22210 9036 98.99
golf 22371 9201 70.99
finance 22425 8559 134.98
coop 22545 8051 69.99
ist 22688 10522 71.99
cam 23485 15650 91.99
healthcare 23553 9119 78.99
gold 23764 9396 76.99
pictures 23978 9212 99.98
deals 24033 9551 79.99
gal 24153 14194 105.98
estate 24187 10004 78.99
show 24207 9298 133.98
pet 24230 10525 72.99
bzh 24439 13484 87.99
restaurant 24483 9178 143.98
tours 24545 10019 77.99
boutique 25324 10520 124.98
adult 25401 8765 79.99
barcelona 26172 16630 112.98
energy 26248 10987 85.99
style 26388 10155 148.98
gift 26694 17455 95.98
istanbul 26706 12371 86.99
reisen 26796 12035 145.98
fitness 26979 10778 89.99
money 27405 10941 153.98
bank 27905 22482 126.98
dog 28372 11292 86.99
watch 29095 9520 134.98
ventures 29290 11373 92.99
institute 29370 11347 94.99
lawyer 29581 12019 100.99
management 29653 11452 178.97
plus 29736 11754 168.97
rentals 29849 12201 173.97
fyi 30097 12208 92.99
porn 30146 10721 169.98
direct 30305 12263 99.98
audio 30415 19168 114.98
exchange 30576 12218 101.98
fund 31420 12551 102.99
clothing 31486 12480 190.97
chat 31670 12575 108.98
tools 31978 12263 185.97
pics 32245 20696 212.97
blue 32479 13327 118.98
band 32482 13208 105.98
wales 32514 12709 183.97
lol 32681 21479 117.98
foundation 32828 12893 125.98
legal 33396 13527 106.98
school 33476 13094 196.97
capital 33884 13831 107.98
coach 34496 14050 111.98
sexy 34502 21496 209.97
run 35171 14275 198.97
cash 35348 14750 201.97
farm 36439 14881 116.98
wine 36473 15146 212.97
properties 36699 14322 217.97
cafe 37617 15185 117.98
wiki 38002 15447 216.97
software 39736 15429 237.96
land 39903 16117 130.98
community 40018 15156 145.98
games 40479 16635 135.98
eus 40814 25610 190.97
bet 41232 17976 136.98
kim 42391 19545 133.98
bike 42942 17554 137.98
directory 43383 18238 149.98
works 43514 17312 251.96
cool 44094 17907 139.98
pub 44363 19243 247.96
guide 44820 17881 150.98
coffee 46180 18941 155.98
jetzt 46617 29578 184.97
gallery 47507 19000 161.97
house 48004 19793 152.98
training 48884 19853 189.97
vegas 49491 18671 160.97
video 50072 18928 212.97
marketing 50332 20311 234.96
family 51396 19384 177.97
care 51401 21162 171.97
frl 52774 29952 213.97
africa 53409 16915 176.97
immo 53797 23135 189.97
cricket 54980 27229 184.97
team 55233 21898 316.95
wtf 55537 36660 297.95
church 55638 22838 187.97
market 56608 24220 185.97
photos 56973 22169 264.96
gmbh 58241 19791 204.97
scot 58859 34469 256.96
help 59692 38705 234.96
education 59818 23756 204.97
support 60086 23442 322.95
reviews 60903 19018 264.96
love 62354 26522 367.94
zone 64176 26595 266.96
red 64568 28706 304.95
events 64837 24923 226.96
paris 65037 31347 235.96
international 67253 26563 240.96
consulting 68310 25715 235.96
city 71024 30442 239.96
sale 73048 32005 242.96
social 73803 23997 244.96
academy 75108 30944 264.96
systems 75986 30153 252.96
swiss 82178 53201 333.95
photo 82238 52952 325.95
travel 82636 51406 306.95
art 83165 35793 298.95
press 86849 41034 280.96
ink 87215 40633 295.96
tips 89253 35522 293.96
amsterdam 89287 47557 357.95
digital 90006 36154 330.95
xn--p1acf 90938 41054 478.93
expert 91839 36064 316.95
center 94436 38623 352.95
ninja 98202 36211 332.95
icu 104545 53648 356.95
technology 105353 46630 359.95
webcam 107709 52614 356.94
studio 108916 43809 370.94
media 110240 45721 369.94
network 119942 51722 415.94
photography 127310 52341 454.93
faith 128330 63326 451.93
accountant 128628 63898 446.93
agency 130913 59100 468.93
services 146089 64580 507.92
guru 149204 64435 530.92
business 154276 47276 607.91
racing 157855 77629 527.92
group 157971 75026 558.92
news 161333 63326 539.92
company 162340 68541 584.91
one 165911 70563 554.92
jobs 176168 46405 642.90
xxx 192211 94384 637.90
science 196830 95108 681.90
solutions 198485 85978 701.89
design 199693 76459 738.89
ovh 200100 145188 859.87
email 215025 88232 780.88
rocks 219158 90211 760.88
world 222838 98881 775.88
today 229984 103387 794.88
click 238806 157364 1015.85
download 265983 127174 1016.84
party 267514 128921 935.86
fun 267615 135145 932.86
tel 317812 77263 1089.84
xin 348639 174184 1128.83
trade 357310 171430 1254.81
life 391723 172496 1429.78
date 398577 217997 1408.79
live 441755 193999 1633.75
store 460045 193872 1653.75
link 478598 329749 2153.67
website 487719 215230 1786.73
tech 501985 209480 1816.72
cat 514595 320693 2699.59
space 518590 222961 1863.72
review 534767 265532 1943.70
stream 649548 321861 2349.64
pro 672651 293845 2365.64
bid 702570 329379 2636.60
men 852082 420440 2911.56
ltd 921977 449785 3129.52
site 1027032 447935 3729.43
mobi 1083203 460014 3995.39
app 1397066 929373 6880.95
win 1519896 632186 5410.18
online 2091544 818193 8273.74
xyz 4556105 1848760 17418.35
loan 4680918 2202036 16795.45
net 34449304 14730394 203711.03
